
Feb 14, 2018 16:58:19.94 NEW SESSION
Feb 14, 2018 16:58:19.95 [21337:21377:0214/165819.947816:ERROR:browser_gpu_channel_host_factory.cc(107)] Failed to launch GPU process.
Feb 14, 2018 16:58:20.16 Created new window in existing browser session.
Feb 14, 2018 16:59:50.43 [21554:21594:0214/165950.427249:ERROR:browser_gpu_channel_host_factory.cc(107)] Failed to launch GPU process.
Feb 14, 2018 16:59:50.49 Created new window in existing browser session.
Feb 14, 2018 17:03:34.02 [21986:22026:0214/170334.029369:ERROR:browser_gpu_channel_host_factory.cc(107)] Failed to launch GPU process.
Feb 14, 2018 17:03:34.19 Created new window in existing browser session.
Feb 14, 2018 17:06:53.72 [22371:22411:0214/170653.723893:ERROR:browser_gpu_channel_host_factory.cc(107)] Failed to launch GPU process.
Feb 14, 2018 17:06:53.89 Created new window in existing browser session.
Feb 14, 2018 17:09:45.09 [22630:22669:0214/170945.094152:ERROR:browser_gpu_channel_host_factory.cc(107)] Failed to launch GPU process.
Feb 14, 2018 17:09:45.14 Created new window in existing browser session.
Feb 14, 2018 17:10:17.89 ATTENTION: default value of option force_s3tc_enable overridden by environment.
Feb 14, 2018 17:10:17.93 [22814:22853:0214/171017.933254:ERROR:browser_gpu_channel_host_factory.cc(107)] Failed to launch GPU process.
Feb 14, 2018 17:10:18.06 Created new window in existing browser session.
Feb 14, 2018 17:14:18.78 [23173:23212:0214/171418.782715:ERROR:browser_gpu_channel_host_factory.cc(107)] Failed to launch GPU process.
Feb 14, 2018 17:14:18.95 Created new window in existing browser session.
Feb 14, 2018 17:21:43.96 [23728:23768:0214/172143.968172:ERROR:browser_gpu_channel_host_factory.cc(107)] Failed to launch GPU process.
Feb 14, 2018 17:21:44.01 Created new window in existing browser session.
Feb 14, 2018 17:40:34.83 [24445:24484:0214/174034.832076:ERROR:browser_gpu_channel_host_factory.cc(107)] Failed to launch GPU process.
Feb 14, 2018 17:40:34.94 Created new window in existing browser session.
Feb 14, 2018 17:49:30.57 [24870:24909:0214/174930.571127:ERROR:browser_gpu_channel_host_factory.cc(107)] Failed to launch GPU process.
Feb 14, 2018 17:49:30.66 Created new window in existing browser session.
Feb 14, 2018 18:23:42.99 [25912:25952:0214/182342.997127:ERROR:browser_gpu_channel_host_factory.cc(107)] Failed to launch GPU process.
Feb 14, 2018 18:23:43.09 Created new window in existing browser session.
Feb 14, 2018 18:28:06.26 [26145:26185:0214/182806.262216:ERROR:browser_gpu_channel_host_factory.cc(107)] Failed to launch GPU process.
Feb 14, 2018 18:28:06.36 Created new window in existing browser session.
Feb 14, 2018 18:34:31.06 ATTENTION: default value of option force_s3tc_enable overridden by environment.
Feb 14, 2018 18:34:31.06 [26592:26632:0214/183431.068064:ERROR:browser_gpu_channel_host_factory.cc(107)] Failed to launch GPU process.
Feb 14, 2018 18:34:31.15 Created new window in existing browser session.
Feb 14, 2018 19:23:51.74 [28310:28349:0214/192351.748484:ERROR:browser_gpu_channel_host_factory.cc(107)] Failed to launch GPU process.
Feb 14, 2018 19:23:51.90 Created new window in existing browser session.
Feb 14, 2018 19:34:01.39 [28839:28879:0214/193401.397129:ERROR:browser_gpu_channel_host_factory.cc(107)] Failed to launch GPU process.
Feb 14, 2018 19:34:01.46 Created new window in existing browser session.

Feb 15, 2018 09:36:29.32 NEW SESSION
Feb 15, 2018 09:36:29.32 [5107:5147:0215/093629.326871:ERROR:browser_gpu_channel_host_factory.cc(107)] Failed to launch GPU process.
Feb 15, 2018 09:36:29.50 Created new window in existing browser session.
Feb 15, 2018 09:43:20.43 [5522:5561:0215/094320.434292:ERROR:browser_gpu_channel_host_factory.cc(107)] Failed to launch GPU process.
Feb 15, 2018 09:43:20.56 Created new window in existing browser session.
Feb 15, 2018 10:04:15.68 [6318:6358:0215/100415.687961:ERROR:browser_gpu_channel_host_factory.cc(107)] Failed to launch GPU process.
Feb 15, 2018 10:04:15.82 Created new window in existing browser session.
Feb 15, 2018 10:07:43.20 [6647:6686:0215/100743.202256:ERROR:browser_gpu_channel_host_factory.cc(107)] Failed to launch GPU process.
Feb 15, 2018 10:07:43.29 Created new window in existing browser session.
Feb 15, 2018 10:09:18.71 [6904:6943:0215/100918.713767:ERROR:browser_gpu_channel_host_factory.cc(107)] Failed to launch GPU process.
Feb 15, 2018 10:09:18.78 Created new window in existing browser session.
Feb 15, 2018 10:15:09.15 ATTENTION: default value of option force_s3tc_enable overridden by environment.
Feb 15, 2018 10:15:09.17 [7335:7374:0215/101509.177107:ERROR:browser_gpu_channel_host_factory.cc(107)] Failed to launch GPU process.
Feb 15, 2018 10:15:09.29 Created new window in existing browser session.
Feb 15, 2018 10:17:03.15 [7605:7644:0215/101703.155925:ERROR:browser_gpu_channel_host_factory.cc(107)] Failed to launch GPU process.
Feb 15, 2018 10:17:03.23 Created new window in existing browser session.
Feb 15, 2018 10:18:14.57 [7863:7902:0215/101814.574989:ERROR:browser_gpu_channel_host_factory.cc(107)] Failed to launch GPU process.
Feb 15, 2018 10:18:14.68 Created new window in existing browser session.
Feb 15, 2018 10:19:36.05 [8103:8142:0215/101936.055320:ERROR:browser_gpu_channel_host_factory.cc(107)] Failed to launch GPU process.
Feb 15, 2018 10:19:36.12 Created new window in existing browser session.
Feb 15, 2018 10:23:24.85 [8320:8360:0215/102324.857921:ERROR:browser_gpu_channel_host_factory.cc(107)] Failed to launch GPU process.
Feb 15, 2018 10:23:24.96 Created new window in existing browser session.
Feb 15, 2018 10:27:22.56 [8586:8626:0215/102722.569456:ERROR:browser_gpu_channel_host_factory.cc(107)] Failed to launch GPU process.
Feb 15, 2018 10:27:22.63 Created new window in existing browser session.
Feb 15, 2018 10:27:45.60 [8712:8751:0215/102745.600557:ERROR:browser_gpu_channel_host_factory.cc(107)] Failed to launch GPU process.
Feb 15, 2018 10:27:45.73 Created new window in existing browser session.
Feb 15, 2018 10:39:13.14 [9238:9277:0215/103913.146648:ERROR:browser_gpu_channel_host_factory.cc(107)] Failed to launch GPU process.
Feb 15, 2018 10:39:13.33 Created new window in existing browser session.
Feb 15, 2018 10:40:14.89 [9388:9428:0215/104014.892903:ERROR:browser_gpu_channel_host_factory.cc(107)] Failed to launch GPU process.
Feb 15, 2018 10:40:15.01 Created new window in existing browser session.
Feb 15, 2018 10:45:20.20 [9595:9635:0215/104520.207393:ERROR:browser_gpu_channel_host_factory.cc(107)] Failed to launch GPU process.
Feb 15, 2018 10:45:20.33 Created new window in existing browser session.
Feb 15, 2018 10:46:40.13 [9795:9835:0215/104640.139473:ERROR:browser_gpu_channel_host_factory.cc(107)] Failed to launch GPU process.
Feb 15, 2018 10:46:40.26 Created new window in existing browser session.
Feb 15, 2018 10:48:53.51 [10108:10148:0215/104853.514207:ERROR:browser_gpu_channel_host_factory.cc(107)] Failed to launch GPU process.
Feb 15, 2018 10:48:53.63 Created new window in existing browser session.
Feb 15, 2018 10:56:55.93 [10618:10658:0215/105655.932252:ERROR:browser_gpu_channel_host_factory.cc(107)] Failed to launch GPU process.
Feb 15, 2018 10:56:56.06 Created new window in existing browser session.
Feb 15, 2018 10:59:40.50 [10879:10918:0215/105940.509672:ERROR:browser_gpu_channel_host_factory.cc(107)] Failed to launch GPU process.
Feb 15, 2018 10:59:40.58 Created new window in existing browser session.
Feb 15, 2018 11:03:49.99 [11298:11337:0215/110349.996239:ERROR:browser_gpu_channel_host_factory.cc(107)] Failed to launch GPU process.
Feb 15, 2018 11:03:50.09 Created new window in existing browser session.
Feb 15, 2018 11:07:05.41 [11684:11723:0215/110705.411099:ERROR:browser_gpu_channel_host_factory.cc(107)] Failed to launch GPU process.
Feb 15, 2018 11:07:05.53 Created new window in existing browser session.
Feb 15, 2018 11:09:16.80 [11989:12028:0215/110916.807146:ERROR:browser_gpu_channel_host_factory.cc(107)] Failed to launch GPU process.
Feb 15, 2018 11:09:16.87 Created new window in existing browser session.
Feb 15, 2018 11:16:06.77 [12458:12497:0215/111606.773846:ERROR:browser_gpu_channel_host_factory.cc(107)] Failed to launch GPU process.
Feb 15, 2018 11:16:06.80 Created new window in existing browser session.
Feb 15, 2018 11:17:36.61 [12742:12781:0215/111736.616829:ERROR:browser_gpu_channel_host_factory.cc(107)] Failed to launch GPU process.
Feb 15, 2018 11:17:36.74 Created new window in existing browser session.
Feb 15, 2018 11:18:51.19 [13011:13050:0215/111851.190432:ERROR:browser_gpu_channel_host_factory.cc(107)] Failed to launch GPU process.
Feb 15, 2018 11:18:51.29 Created new window in existing browser session.
Feb 15, 2018 11:30:15.65 [13650:13689:0215/113015.652261:ERROR:browser_gpu_channel_host_factory.cc(107)] Failed to launch GPU process.
Feb 15, 2018 11:30:15.80 Created new window in existing browser session.
Feb 15, 2018 11:38:01.24 [14152:14192:0215/113801.242964:ERROR:browser_gpu_channel_host_factory.cc(107)] Failed to launch GPU process.
Feb 15, 2018 11:38:01.35 Created new window in existing browser session.
Feb 15, 2018 11:41:56.71 [14427:14466:0215/114156.711338:ERROR:browser_gpu_channel_host_factory.cc(107)] Failed to launch GPU process.
Feb 15, 2018 11:41:56.78 Created new window in existing browser session.
Feb 15, 2018 11:47:38.22 [14777:14817:0215/114738.229228:ERROR:browser_gpu_channel_host_factory.cc(107)] Failed to launch GPU process.
Feb 15, 2018 11:47:38.37 Created new window in existing browser session.
Feb 15, 2018 11:58:05.51 [15543:15583:0215/115805.518047:ERROR:browser_gpu_channel_host_factory.cc(107)] Failed to launch GPU process.
Feb 15, 2018 11:58:05.77 Created new window in existing browser session.

Feb 15, 2018 12:08:14.56 NEW SESSION
Feb 15, 2018 12:08:14.56 [16450:16489:0215/120814.566100:ERROR:browser_gpu_channel_host_factory.cc(107)] Failed to launch GPU process.
Feb 15, 2018 12:08:14.63 Created new window in existing browser session.
Feb 15, 2018 12:08:57.59 [16634:16673:0215/120857.598068:ERROR:browser_gpu_channel_host_factory.cc(107)] Failed to launch GPU process.
Feb 15, 2018 12:08:57.63 Created new window in existing browser session.
Feb 15, 2018 12:16:30.33 [16974:17014:0215/121630.334810:ERROR:browser_gpu_channel_host_factory.cc(107)] Failed to launch GPU process.
Feb 15, 2018 12:16:30.43 Created new window in existing browser session.
Feb 15, 2018 12:17:07.37 [17203:17242:0215/121707.375850:ERROR:browser_gpu_channel_host_factory.cc(107)] Failed to launch GPU process.
Feb 15, 2018 12:17:07.44 Created new window in existing browser session.
Feb 15, 2018 12:27:11.71 [17750:17790:0215/122711.713605:ERROR:browser_gpu_channel_host_factory.cc(107)] Failed to launch GPU process.
Feb 15, 2018 12:27:11.82 Created new window in existing browser session.
Feb 15, 2018 12:32:21.14 [18169:18208:0215/123221.146710:ERROR:browser_gpu_channel_host_factory.cc(107)] Failed to launch GPU process.
Feb 15, 2018 12:32:21.26 Created new window in existing browser session.
Feb 15, 2018 12:32:45.47 [18295:18334:0215/123245.475835:ERROR:browser_gpu_channel_host_factory.cc(107)] Failed to launch GPU process.
Feb 15, 2018 12:32:45.63 Created new window in existing browser session.
Feb 15, 2018 12:34:34.85 [18559:18598:0215/123434.850392:ERROR:browser_gpu_channel_host_factory.cc(107)] Failed to launch GPU process.
Feb 15, 2018 12:34:34.92 Created new window in existing browser session.
Feb 15, 2018 12:42:54.08 [19056:19096:0215/124254.082696:ERROR:browser_gpu_channel_host_factory.cc(107)] Failed to launch GPU process.
Feb 15, 2018 12:42:54.23 Created new window in existing browser session.
Feb 15, 2018 12:52:00.95 [19669:19708:0215/125200.952113:ERROR:browser_gpu_channel_host_factory.cc(107)] Failed to launch GPU process.
Feb 15, 2018 12:52:01.28 Created new window in existing browser session.
Feb 15, 2018 13:07:10.55 [20455:20494:0215/130710.550256:ERROR:browser_gpu_channel_host_factory.cc(107)] Failed to launch GPU process.
Feb 15, 2018 13:07:10.71 Created new window in existing browser session.
Feb 15, 2018 13:14:06.34 [20873:20912:0215/131406.345606:ERROR:browser_gpu_channel_host_factory.cc(107)] Failed to launch GPU process.
Feb 15, 2018 13:14:06.44 Created new window in existing browser session.
Feb 15, 2018 13:20:37.17 [21311:21350:0215/132037.177017:ERROR:browser_gpu_channel_host_factory.cc(107)] Failed to launch GPU process.
Feb 15, 2018 13:20:37.27 Created new window in existing browser session.
Feb 15, 2018 13:25:12.88 [21753:21793:0215/132512.883154:ERROR:browser_gpu_channel_host_factory.cc(107)] Failed to launch GPU process.
Feb 15, 2018 13:25:13.08 Created new window in existing browser session.
Feb 15, 2018 13:44:22.18 [22492:22531:0215/134422.186935:ERROR:browser_gpu_channel_host_factory.cc(107)] Failed to launch GPU process.
Feb 15, 2018 13:44:22.31 Created new window in existing browser session.
Feb 15, 2018 13:46:10.18 [22819:22859:0215/134610.187725:ERROR:browser_gpu_channel_host_factory.cc(107)] Failed to launch GPU process.
Feb 15, 2018 13:46:10.29 Created new window in existing browser session.
Feb 15, 2018 14:16:32.43 [23870:23909:0215/141632.431682:ERROR:browser_gpu_channel_host_factory.cc(107)] Failed to launch GPU process.
Feb 15, 2018 14:16:32.75 Created new window in existing browser session.
Feb 15, 2018 14:18:25.32 [24132:24171:0215/141825.320647:ERROR:browser_gpu_channel_host_factory.cc(107)] Failed to launch GPU process.
Feb 15, 2018 14:18:25.35 Created new window in existing browser session.
Feb 15, 2018 14:19:20.69 [24283:24322:0215/141920.690277:ERROR:browser_gpu_channel_host_factory.cc(107)] Failed to launch GPU process.
Feb 15, 2018 14:19:20.92 Created new window in existing browser session.
Feb 15, 2018 14:21:13.88 [24555:24594:0215/142113.864966:ERROR:browser_gpu_channel_host_factory.cc(107)] Failed to launch GPU process.
Feb 15, 2018 14:21:13.95 Created new window in existing browser session.
Feb 15, 2018 14:57:49.21 [26520:26559:0215/145749.216735:ERROR:browser_gpu_channel_host_factory.cc(107)] Failed to launch GPU process.
Feb 15, 2018 14:57:49.37 Created new window in existing browser session.
Feb 15, 2018 15:07:35.93 [27215:27254:0215/150735.931398:ERROR:browser_gpu_channel_host_factory.cc(107)] Failed to launch GPU process.
Feb 15, 2018 15:07:36.04 Created new window in existing browser session.
Feb 15, 2018 15:56:53.74 [29472:29511:0215/155653.742104:ERROR:browser_gpu_channel_host_factory.cc(107)] Failed to launch GPU process.
Feb 15, 2018 15:56:53.81 Created new window in existing browser session.
Feb 15, 2018 15:57:53.45 [29719:29758:0215/155753.458644:ERROR:browser_gpu_channel_host_factory.cc(107)] Failed to launch GPU process.
Feb 15, 2018 15:57:53.58 Created new window in existing browser session.
Feb 15, 2018 15:58:19.75 [29926:29965:0215/155819.756278:ERROR:browser_gpu_channel_host_factory.cc(107)] Failed to launch GPU process.
Feb 15, 2018 15:58:19.86 Created new window in existing browser session.
Feb 15, 2018 16:04:06.67 [30220:30260:0215/160406.677598:ERROR:browser_gpu_channel_host_factory.cc(107)] Failed to launch GPU process.
Feb 15, 2018 16:04:06.78 Created new window in existing browser session.

Feb 15, 2018 16:08:59.66 NEW SESSION
Feb 15, 2018 16:08:59.66 [30705:30745:0215/160859.657818:ERROR:browser_gpu_channel_host_factory.cc(107)] Failed to launch GPU process.
Feb 15, 2018 16:08:59.76 Created new window in existing browser session.
Feb 15, 2018 16:14:38.12 [30959:30999:0215/161438.126388:ERROR:browser_gpu_channel_host_factory.cc(107)] Failed to launch GPU process.
Feb 15, 2018 16:14:38.23 Created new window in existing browser session.
Feb 15, 2018 16:16:44.11 [31223:31262:0215/161644.110810:ERROR:browser_gpu_channel_host_factory.cc(107)] Failed to launch GPU process.
Feb 15, 2018 16:16:44.50 Created new window in existing browser session.
Feb 15, 2018 16:25:47.84 [31654:31695:0215/162547.841277:ERROR:browser_gpu_channel_host_factory.cc(107)] Failed to launch GPU process.
Feb 15, 2018 16:25:47.91 Created new window in existing browser session.
Feb 15, 2018 16:27:34.76 ATTENTION: default value of option force_s3tc_enable overridden by environment.
Feb 15, 2018 16:27:59.87 [31949:31988:0215/162759.875994:ERROR:ssl_client_socket_impl.cc(1084)] handshake failed; returned -1, SSL error code 1, net_error -101
Feb 15, 2018 16:33:59.51 [31949:31988:0215/163359.513718:ERROR:ssl_client_socket_impl.cc(1084)] handshake failed; returned -1, SSL error code 1, net_error -101
Feb 15, 2018 17:18:16.82 ATTENTION: default value of option force_s3tc_enable overridden by environment.
Feb 15, 2018 17:18:16.92 Created new window in existing browser session.
Feb 15, 2018 17:23:08.81 [31949:31988:0215/172308.818881:ERROR:ssl_client_socket_impl.cc(1084)] handshake failed; returned -1, SSL error code 1, net_error -101
Feb 15, 2018 17:23:08.81 [31949:31988:0215/172308.819032:ERROR:ssl_client_socket_impl.cc(1084)] handshake failed; returned -1, SSL error code 1, net_error -101
Feb 15, 2018 17:23:08.81 [31949:31988:0215/172308.819095:ERROR:ssl_client_socket_impl.cc(1084)] handshake failed; returned -1, SSL error code 1, net_error -101
Feb 15, 2018 17:23:11.81 [31949:31988:0215/172311.811220:ERROR:ssl_client_socket_impl.cc(1084)] handshake failed; returned -1, SSL error code 1, net_error -101
Feb 15, 2018 17:23:13.89 [31949:31988:0215/172313.891559:ERROR:ssl_client_socket_impl.cc(1084)] handshake failed; returned -1, SSL error code 1, net_error -101
Feb 15, 2018 17:23:28.96 [31949:31988:0215/172328.965384:ERROR:ssl_client_socket_impl.cc(1084)] handshake failed; returned -1, SSL error code 1, net_error -101
Feb 15, 2018 17:45:31.14 [31949:31988:0215/174531.146702:ERROR:ssl_client_socket_impl.cc(1084)] handshake failed; returned -1, SSL error code 1, net_error -101
Feb 15, 2018 17:45:35.57 [31949:31988:0215/174535.579287:ERROR:ssl_client_socket_impl.cc(1084)] handshake failed; returned -1, SSL error code 1, net_error -101
Feb 15, 2018 17:45:41.88 [31949:31988:0215/174541.884425:ERROR:ssl_client_socket_impl.cc(1084)] handshake failed; returned -1, SSL error code 1, net_error -101
Feb 15, 2018 17:45:50.63 [31949:31988:0215/174550.639626:ERROR:ssl_client_socket_impl.cc(1084)] handshake failed; returned -1, SSL error code 1, net_error -101
Feb 15, 2018 17:53:27.48 [4961:5001:0215/175327.483225:ERROR:browser_gpu_channel_host_factory.cc(107)] Failed to launch GPU process.
Feb 15, 2018 17:53:27.55 Created new window in existing browser session.
Feb 15, 2018 17:57:33.49 [31949:31988:0215/175733.493079:ERROR:ssl_client_socket_impl.cc(1084)] handshake failed; returned -1, SSL error code 1, net_error -101
Feb 15, 2018 17:58:16.49 [31949:31988:0215/175816.490476:ERROR:ssl_client_socket_impl.cc(1084)] handshake failed; returned -1, SSL error code 1, net_error -101
Feb 15, 2018 18:03:31.81 [5557:5596:0215/180331.809858:ERROR:browser_gpu_channel_host_factory.cc(107)] Failed to launch GPU process.
Feb 15, 2018 18:03:31.88 Created new window in existing browser session.
Feb 15, 2018 18:12:36.21 [6013:6052:0215/181236.217349:ERROR:browser_gpu_channel_host_factory.cc(107)] Failed to launch GPU process.
Feb 15, 2018 18:12:36.28 Created new window in existing browser session.
Feb 15, 2018 18:16:30.43 [6311:6352:0215/181630.432585:ERROR:browser_gpu_channel_host_factory.cc(107)] Failed to launch GPU process.
Feb 15, 2018 18:16:30.48 Created new window in existing browser session.
Feb 15, 2018 18:19:18.22 [6634:6673:0215/181918.229339:ERROR:browser_gpu_channel_host_factory.cc(107)] Failed to launch GPU process.
Feb 15, 2018 18:19:18.29 Created new window in existing browser session.
Feb 15, 2018 18:23:45.96 [31949:31988:0215/182345.962108:ERROR:ssl_client_socket_impl.cc(1084)] handshake failed; returned -1, SSL error code 1, net_error -101
Feb 15, 2018 18:24:08.01 [31949:31988:0215/182408.018591:ERROR:ssl_client_socket_impl.cc(1084)] handshake failed; returned -1, SSL error code 1, net_error -101
Feb 15, 2018 18:24:08.37 [31949:31988:0215/182408.372692:ERROR:ssl_client_socket_impl.cc(1084)] handshake failed; returned -1, SSL error code 1, net_error -101
Feb 15, 2018 18:24:11.19 [31949:31988:0215/182411.197388:ERROR:ssl_client_socket_impl.cc(1084)] handshake failed; returned -1, SSL error code 1, net_error -101
Feb 15, 2018 18:25:10.66 [7028:7069:0215/182510.660711:ERROR:browser_gpu_channel_host_factory.cc(107)] Failed to launch GPU process.
Feb 15, 2018 18:25:10.72 Created new window in existing browser session.
Feb 15, 2018 18:27:40.54 [7313:7354:0215/182740.546727:ERROR:browser_gpu_channel_host_factory.cc(107)] Failed to launch GPU process.
Feb 15, 2018 18:27:40.59 Created new window in existing browser session.
Feb 15, 2018 18:32:41.93 [7689:7728:0215/183241.932345:ERROR:browser_gpu_channel_host_factory.cc(107)] Failed to launch GPU process.
Feb 15, 2018 18:32:42.01 Created new window in existing browser session.
Feb 15, 2018 18:35:13.31 [7958:7997:0215/183513.316884:ERROR:browser_gpu_channel_host_factory.cc(107)] Failed to launch GPU process.
Feb 15, 2018 18:35:13.39 Created new window in existing browser session.
Feb 15, 2018 18:36:54.29 [8192:8231:0215/183654.291718:ERROR:browser_gpu_channel_host_factory.cc(107)] Failed to launch GPU process.
Feb 15, 2018 18:36:54.32 Created new window in existing browser session.
Feb 15, 2018 18:38:35.71 [8418:8457:0215/183835.713010:ERROR:browser_gpu_channel_host_factory.cc(107)] Failed to launch GPU process.
Feb 15, 2018 18:38:35.79 Created new window in existing browser session.
Feb 15, 2018 18:39:31.83 ATTENTION: default value of option force_s3tc_enable overridden by environment.
Feb 15, 2018 18:39:31.85 [8626:8665:0215/183931.856480:ERROR:browser_gpu_channel_host_factory.cc(107)] Failed to launch GPU process.
Feb 15, 2018 18:39:31.93 Created new window in existing browser session.
Feb 15, 2018 18:41:46.88 ATTENTION: default value of option force_s3tc_enable overridden by environment.
Feb 15, 2018 18:41:46.88 [8928:8967:0215/184146.889114:ERROR:browser_gpu_channel_host_factory.cc(107)] Failed to launch GPU process.
Feb 15, 2018 18:41:46.96 Created new window in existing browser session.
Feb 15, 2018 18:45:04.13 [9204:9243:0215/184504.137495:ERROR:browser_gpu_channel_host_factory.cc(107)] Failed to launch GPU process.
Feb 15, 2018 18:45:04.21 Created new window in existing browser session.
Feb 15, 2018 18:47:49.01 [9466:9505:0215/184749.019090:ERROR:browser_gpu_channel_host_factory.cc(107)] Failed to launch GPU process.
Feb 15, 2018 18:47:49.07 Created new window in existing browser session.
Feb 15, 2018 18:50:18.20 [9721:9760:0215/185018.204297:ERROR:browser_gpu_channel_host_factory.cc(107)] Failed to launch GPU process.
Feb 15, 2018 18:50:18.25 Created new window in existing browser session.
Feb 15, 2018 19:11:57.07 ATTENTION: default value of option force_s3tc_enable overridden by environment.
Feb 15, 2018 19:11:57.08 [10848:10887:0215/191157.083744:ERROR:browser_gpu_channel_host_factory.cc(107)] Failed to launch GPU process.
Feb 15, 2018 19:11:57.15 Created new window in existing browser session.
Feb 15, 2018 19:21:35.07 [11339:11378:0215/192135.076838:ERROR:browser_gpu_channel_host_factory.cc(107)] Failed to launch GPU process.
Feb 15, 2018 19:21:35.14 Created new window in existing browser session.
Feb 15, 2018 19:25:14.72 [11617:11656:0215/192514.724691:ERROR:browser_gpu_channel_host_factory.cc(107)] Failed to launch GPU process.
Feb 15, 2018 19:25:14.81 Created new window in existing browser session.
Feb 15, 2018 19:26:03.11 [11837:11876:0215/192603.119013:ERROR:browser_gpu_channel_host_factory.cc(107)] Failed to launch GPU process.
Feb 15, 2018 19:26:03.17 Created new window in existing browser session.
Feb 15, 2018 19:27:13.47 [12065:12104:0215/192713.476057:ERROR:browser_gpu_channel_host_factory.cc(107)] Failed to launch GPU process.
Feb 15, 2018 19:27:13.54 Created new window in existing browser session.
Feb 15, 2018 19:28:39.31 [12301:12343:0215/192839.310060:ERROR:browser_gpu_channel_host_factory.cc(107)] Failed to launch GPU process.
Feb 15, 2018 19:28:39.35 Created new window in existing browser session.
